# JRE version: Java(TM) SE Runtime Environment (15.0.2+7) (build 15.0.2+7-27)
# Java VM: Java HotSpot(TM) 64-Bit Server VM (15.0.2+7-27, mixed mode, sharing, tiered, compressed oops, g1 gc, windows-amd64)
GC Precious Log:
 CPUs: 16 total, 16 available
 Memory: 32704M
 Large Page Support: Disabled
 NUMA Support: Disabled
 Compressed Oops: Enabled (Zero based)
 Heap Region Size: 4M
 Heap Min Capacity: 8M
 Heap Initial Capacity: 512M
 Heap Max Capacity: 8180M
 Pre-touch: Disabled
 Parallel Workers: 13
 Concurrent Workers: 3
 Concurrent Refinement Workers: 13
 Periodic GC: Disabled
Heap:
 garbage-first heap   total 57344K, used 19089K [0x0000000600c00000, 0x0000000800000000)
  region size 4096K, 5 young (20480K), 2 survivors (8192K)
 Metaspace       used 23314K, capacity 23810K, committed 24064K, reserved 1071104K
  class space    used 2590K, capacity 2740K, committed 2816K, reserved 1048576K
GC Heap History (8 events):
Event: 0.676 GC heap before
{Heap before GC invocations=0 (full 0):
 garbage-first heap   total 524288K, used 24576K [0x0000000600c00000, 0x0000000800000000)
  region size 4096K, 6 young (24576K), 0 survivors (0K)
 Metaspace       used 5993K, capacity 7726K, committed 7808K, reserved 1056768K
  class space    used 675K, capacity 830K, committed 896K, reserved 1048576K
}
Event: 0.682 GC heap after
{Heap after GC invocations=1 (full 0):
 garbage-first heap   total 524288K, used 3852K [0x0000000600c00000, 0x0000000800000000)
  region size 4096K, 1 young (4096K), 1 survivors (4096K)
 Metaspace       used 5993K, capacity 7726K, committed 7808K, reserved 1056768K
  class space    used 675K, capacity 830K, committed 896K, reserved 1048576K
}
Event: 1.028 GC heap before
{Heap before GC invocations=1 (full 0):
 garbage-first heap   total 524288K, used 28428K [0x0000000600c00000, 0x0000000800000000)
  region size 4096K, 7 young (28672K), 1 survivors (4096K)
 Metaspace       used 9200K, capacity 10532K, committed 10752K, reserved 1058816K
  class space    used 1063K, capacity 1228K, committed 1280K, reserved 1048576K
}
Event: 1.032 GC heap after
{Heap after GC invocations=2 (full 0):
 garbage-first heap   total 524288K, used 5126K [0x0000000600c00000, 0x0000000800000000)
  region size 4096K, 1 young (4096K), 1 survivors (4096K)
 Metaspace       used 9200K, capacity 10532K, committed 10752K, reserved 1058816K
  class space    used 1063K, capacity 1228K, committed 1280K, reserved 1048576K
}
Event: 2.366 GC heap before
{Heap before GC invocations=2 (full 0):
 garbage-first heap   total 524288K, used 70662K [0x0000000600c00000, 0x0000000800000000)
  region size 4096K, 17 young (69632K), 1 survivors (4096K)
 Metaspace       used 14980K, capacity 15612K, committed 15744K, reserved 1062912K
  class space    used 1634K, capacity 1796K, committed 1920K, reserved 1048576K
}
Event: 2.372 GC heap after
{Heap after GC invocations=3 (full 0):
 garbage-first heap   total 524288K, used 8712K [0x0000000600c00000, 0x0000000800000000)
  region size 4096K, 2 young (8192K), 2 survivors (8192K)
 Metaspace       used 14980K, capacity 15612K, committed 15744K, reserved 1062912K
  class space    used 1634K, capacity 1796K, committed 1920K, reserved 1048576K
}
Event: 2.966 GC heap before
{Heap before GC invocations=3 (full 0):
 garbage-first heap   total 524288K, used 37384K [0x0000000600c00000, 0x0000000800000000)
  region size 4096K, 10 young (40960K), 2 survivors (8192K)
 Metaspace       used 20682K, capacity 21113K, committed 21248K, reserved 1069056K
  class space    used 2286K, capacity 2433K, committed 2560K, reserved 1048576K
}
Event: 2.969 GC heap after
{Heap after GC invocations=4 (full 0):
 garbage-first heap   total 524288K, used 10897K [0x0000000600c00000, 0x0000000800000000)
  region size 4096K, 2 young (8192K), 2 survivors (8192K)
 Metaspace       used 20682K, capacity 21113K, committed 21248K, reserved 1069056K
  class space    used 2286K, capacity 2433K, committed 2560K, reserved 1048576K
}

